<?xml version="1.0" encoding="UTF-8"?>
<testng-results skipped="0" failed="0" ignored="0" total="1" passed="1">
  <reporter-output>
  </reporter-output>
  <suite name="Default suite" duration-ms="5496" started-at="2019-05-28T08:23:38Z" finished-at="2019-05-28T08:23:44Z">
    <groups>
    </groups>
    <test name="Default test" duration-ms="5496" started-at="2019-05-28T08:23:38Z" finished-at="2019-05-28T08:23:44Z">
      <class name="com.rc.Test2.App">
        <test-method status="PASS" signature="Hello()[pri:0, instance:com.rc.Test2.App@5d5eef3d]" name="Hello" duration-ms="5462" started-at="2019-05-28T13:53:38Z" finished-at="2019-05-28T13:53:44Z">
          <reporter-output>
          </reporter-output>
        </test-method> <!-- Hello -->
      </class> <!-- com.rc.Test2.App -->
    </test> <!-- Default test -->
  </suite> <!-- Default suite -->
</testng-results>
