<?xml version="1.0" encoding="UTF-8"?>
<testng-results skipped="0" failed="0" ignored="0" total="1" passed="1">
  <reporter-output>
  </reporter-output>
  <suite name="Default suite" duration-ms="42" started-at="2019-05-27T10:49:26Z" finished-at="2019-05-27T10:49:26Z">
    <groups>
    </groups>
    <test name="Default test" duration-ms="42" started-at="2019-05-27T10:49:26Z" finished-at="2019-05-27T10:49:26Z">
      <class name="com.rc.Test2.App">
        <test-method status="PASS" signature="Hello()[pri:0, instance:com.rc.Test2.App@5f375618]" name="Hello" duration-ms="15" started-at="2019-05-27T16:19:26Z" finished-at="2019-05-27T16:19:26Z">
          <reporter-output>
          </reporter-output>
        </test-method> <!-- Hello -->
      </class> <!-- com.rc.Test2.App -->
    </test> <!-- Default test -->
  </suite> <!-- Default suite -->
</testng-results>
